2021/05/28 10:43:24 にビルドを開始しました。
     1>ノード 2 上のプロジェクト "C:\Users\87kyu\OneDrive\デスクトップ\ゲーム制作Ⅱ\Game2\GameProgramming2\GameProgramming\GameProgramming.vcxproj" (Build ターゲット)。
     1>ClCompile:
         C:\Program Files (x86)\Microsoft Visual Studio 12.0\VC\bin\CL.exe /c /Zi /nologo /W3 /WX- /O2 /Oi /Oy- /GL /D WIN32 /D NDEBUG /D _CONSOLE /D _LIB /D _UNICODE /D UNICODE /Gm- /EHsc /MD /GS /Gy /fp:precise /Zc:wchar_t /Zc:forScope /Fo"Release\\" /Fd"Release\vc120.pdb" /Gd /TP /analyze- /errorReport:prompt CPlayer.cpp
         CPlayer.cpp
       Link:
         C:\Program Files (x86)\Microsoft Visual Studio 12.0\VC\bin\link.exe /ERRORREPORT:PROMPT /OUT:"C:\Users\87kyu\OneDrive\デスクトップ\ゲーム制作Ⅱ\Game2\GameProgramming2\Release\GameProgramming.exe" /INCREMENTAL:NO /NOLOGO glew32.lib glfw3.lib glfw3dll.lib glut32.lib kernel32.lib user32.lib gdi32.lib winspool.lib comdlg32.lib advapi32.lib shell32.lib ole32.lib oleaut32.lib uuid.lib odbc32.lib odbccp32.lib /MANIFEST /MANIFESTUAC:"level='asInvoker' uiAccess='false'" /manifest:embed /DEBUG /PDB:"C:\Users\87kyu\OneDrive\デスクトップ\ゲーム制作Ⅱ\Game2\GameProgramming2\Release\GameProgramming.pdb" /SUBSYSTEM:CONSOLE /OPT:REF /OPT:ICF /LTCG /TLBID:1 /DYNAMICBASE /NXCOMPAT /IMPLIB:"C:\Users\87kyu\OneDrive\デスクトップ\ゲーム制作Ⅱ\Game2\GameProgramming2\Release\GameProgramming.lib" /MACHINE:X86 /SAFESEH Release\CBullet.obj
         Release\CBulletEnemy.obj
         Release\CDamageBlock.obj
         Release\CEnemy.obj
         Release\CInvisibleBlock.obj
         Release\CItem.obj
         Release\CKey.obj
         Release\CKeyBlock.obj
         Release\CKeyEnemy.obj
         Release\CKeyItem.obj
         Release\CPlayer.obj
         Release\CRectangle.obj
         Release\CSceneGame.obj
         Release\CSceneGame2.obj
         Release\CSceneManager.obj
         Release\CSceneTitle.obj
         Release\CText.obj
         Release\CTexture.obj
         Release\Update.obj
         Release\main.obj
         コード生成しています。
         コード生成が終了しました。
         GameProgramming.vcxproj -> C:\Users\87kyu\OneDrive\デスクトップ\ゲーム制作Ⅱ\Game2\GameProgramming2\Release\GameProgramming.exe
     1>プロジェクト "C:\Users\87kyu\OneDrive\デスクトップ\ゲーム制作Ⅱ\Game2\GameProgramming2\GameProgramming\GameProgramming.vcxproj" (Build ターゲット) のビルドが完了しました。

ビルドに成功しました。

経過時間 00:00:01.15
